[2019-08-21 15:06] SQL错误：You have an error in your SQL syntax; check the manual that corresponds to your MySQL server version for the right syntax to use near 'desc' at line 1
[2019-08-21 15:06] SQL错误：You have an error in your SQL syntax; check the manual that corresponds to your MySQL server version for the right syntax to use near 'desc' at line 1
[2019-08-21 15:06] SQL错误：You have an error in your SQL syntax; check the manual that corresponds to your MySQL server version for the right syntax to use near 'desc' at line 1
[2019-08-21 15:06] SQL错误：You have an error in your SQL syntax; check the manual that corresponds to your MySQL server version for the right syntax to use near 'desc' at line 1
[2019-08-21 15:06] SQL错误：You have an error in your SQL syntax; check the manual that corresponds to your MySQL server version for the right syntax to use near 'desc' at line 1
[2019-08-21 15:06] SQL错误：You have an error in your SQL syntax; check the manual that corresponds to your MySQL server version for the right syntax to use near 'desc' at line 1
[2019-08-21 15:06] SQL错误：You have an error in your SQL syntax; check the manual that corresponds to your MySQL server version for the right syntax to use near 'desc' at line 1
[2019-08-21 15:06] SQL错误：You have an error in your SQL syntax; check the manual that corresponds to your MySQL server version for the right syntax to use near 'desc' at line 1
[2019-08-21 15:06] SQL错误：You have an error in your SQL syntax; check the manual that corresponds to your MySQL server version for the right syntax to use near 'desc' at line 1
[2019-08-21 15:06] SQL错误：You have an error in your SQL syntax; check the manual that corresponds to your MySQL server version for the right syntax to use near 'desc' at line 1
[2019-08-21 15:06] SQL错误：You have an error in your SQL syntax; check the manual that corresponds to your MySQL server version for the right syntax to use near 'desc' at line 1
[2019-08-21 15:06] SQL错误：You have an error in your SQL syntax; check the manual that corresponds to your MySQL server version for the right syntax to use near 'desc' at line 1
[2019-08-21 15:06] SQL错误：You have an error in your SQL syntax; check the manual that corresponds to your MySQL server version for the right syntax to use near 'desc' at line 1
[2019-08-21 15:06] SQL错误：You have an error in your SQL syntax; check the manual that corresponds to your MySQL server version for the right syntax to use near 'desc' at line 1
[2019-08-21 15:07] SQL错误：You have an error in your SQL syntax; check the manual that corresponds to your MySQL server version for the right syntax to use near 'desc' at line 1
[2019-08-21 15:07] SQL错误：You have an error in your SQL syntax; check the manual that corresponds to your MySQL server version for the right syntax to use near 'desc' at line 1
[2019-08-21 09:44] SQL错误：No database selected
[2019-08-21 09:44] SQL错误：No database selected
[2019-08-21 09:45] SQL错误：Unknown column 'id' in 'where clause'
[2019-08-21 09:45] SQL错误：Unknown column 'id' in 'where clause'
[2019-08-21 09:45] SQL错误：Unknown column 'id' in 'where clause'
[2019-08-21 09:45] SQL错误：Unknown column 'id' in 'where clause'
[2019-08-21 10:04] SQL错误：Table 'book.pre_food' doesn't exist
[2019-08-21 10:04] SQL错误：Table 'book.pre_food' doesn't exist
[2019-08-21 10:04] SQL错误：Table 'book.pre_food' doesn't exist
[2019-08-21 10:04] SQL错误：Table 'book.pre_food' doesn't exist
[2019-08-21 10:04] SQL错误：Table 'book.pre_food' doesn't exist
[2019-08-21 10:04] SQL错误：Table 'book.pre_food' doesn't exist
[2019-08-21 10:04] SQL错误：Table 'book.pre_food' doesn't exist
[2019-08-21 10:04] SQL错误：Table 'book.pre_food' doesn't exist
[2019-08-22 06:42] SQL错误：Unknown column 'Array' in 'where clause'
[2019-08-22 06:45] SQL错误：You have an error in your SQL syntax; check the manual that corresponds to your MySQL server version for the right syntax to use near 'BY id desc' at line 1
[2019-08-22 06:45] SQL错误：You have an error in your SQL syntax; check the manual that corresponds to your MySQL server version for the right syntax to use near 'BY id desc' at line 1
[2019-08-22 06:46] SQL错误：You have an error in your SQL syntax; check the manual that corresponds to your MySQL server version for the right syntax to use near 'BY id desc' at line 1
[2019-08-22 06:46] SQL错误：You have an error in your SQL syntax; check the manual that corresponds to your MySQL server version for the right syntax to use near 'BY id desc' at line 1
[2019-08-22 06:46] SQL错误：You have an error in your SQL syntax; check the manual that corresponds to your MySQL server version for the right syntax to use near 'BY id desc' at line 1
[2019-08-22 06:46] SQL错误：You have an error in your SQL syntax; check the manual that corresponds to your MySQL server version for the right syntax to use near 'BY id desc' at line 1
[2019-08-22 06:46] SQL错误：You have an error in your SQL syntax; check the manual that corresponds to your MySQL server version for the right syntax to use near 'BY id desc' at line 1
[2019-08-22 06:46] SQL错误：You have an error in your SQL syntax; check the manual that corresponds to your MySQL server version for the right syntax to use near 'BY id desc' at line 1
[2019-08-22 06:47] SQL错误：You have an error in your SQL syntax; check the manual that corresponds to your MySQL server version for the right syntax to use near 'BY id desc' at line 1
[2019-08-22 06:47] SQL错误：You have an error in your SQL syntax; check the manual that corresponds to your MySQL server version for the right syntax to use near 'BY id desc' at line 1
[2019-08-22 06:47] SQL错误：You have an error in your SQL syntax; check the manual that corresponds to your MySQL server version for the right syntax to use near 'BY id desc' at line 1
[2019-08-22 06:47] SQL错误：You have an error in your SQL syntax; check the manual that corresponds to your MySQL server version for the right syntax to use near 'BY id desc' at line 1
[2019-08-22 06:47] SQL错误：You have an error in your SQL syntax; check the manual that corresponds to your MySQL server version for the right syntax to use near 'BY id desc' at line 1
[2019-08-22 06:47] SQL错误：You have an error in your SQL syntax; check the manual that corresponds to your MySQL server version for the right syntax to use near 'BY id desc' at line 1
[2019-08-22 06:47] SQL错误：You have an error in your SQL syntax; check the manual that corresponds to your MySQL server version for the right syntax to use near 'BY id desc' at line 1
[2019-08-22 06:47] SQL错误：You have an error in your SQL syntax; check the manual that corresponds to your MySQL server version for the right syntax to use near 'BY id desc' at line 1
[2019-08-22 06:47] SQL错误：You have an error in your SQL syntax; check the manual that corresponds to your MySQL server version for the right syntax to use near 'BY id desc' at line 1
[2019-08-22 06:47] SQL错误：You have an error in your SQL syntax; check the manual that corresponds to your MySQL server version for the right syntax to use near 'BY id desc' at line 1
[2019-08-22 06:47] SQL错误：You have an error in your SQL syntax; check the manual that corresponds to your MySQL server version for the right syntax to use near 'BY id desc' at line 1
[2019-08-22 06:47] SQL错误：You have an error in your SQL syntax; check the manual that corresponds to your MySQL server version for the right syntax to use near 'BY id desc' at line 1
[2019-08-22 06:47] SQL错误：You have an error in your SQL syntax; check the manual that corresponds to your MySQL server version for the right syntax to use near 'BY id desc' at line 1
[2019-08-22 06:49] SQL错误：You have an error in your SQL syntax; check the manual that corresponds to your MySQL server version for the right syntax to use near 'BY id desc' at line 1
[2019-08-22 12:53] SQL错误：You have an error in your SQL syntax; check the manual that corresponds to your MySQL server version for the right syntax to use near 'FROM pre_admin WHERE id=1' at line 1
[2019-08-22 12:53] SQL错误：You have an error in your SQL syntax; check the manual that corresponds to your MySQL server version for the right syntax to use near 'FROM pre_admin WHERE id = 1' at line 1
[2019-08-23 05:26] SQL错误：Column count doesn't match value count at row 1
[2019-08-23 05:26] SQL错误：Column count doesn't match value count at row 1
[2019-08-23 06:57] SQL错误：Unknown table 'book'
[2019-08-23 07:05] SQL错误：You have an error in your SQL syntax; check the manual that corresponds to your MySQL server version for the right syntax to use near 'WHERE id = '1' AND username = 'root'' at line 1
[2019-08-23 07:05] SQL错误：You have an error in your SQL syntax; check the manual that corresponds to your MySQL server version for the right syntax to use near 'WHERE id = '1' AND username = 'root'' at line 1
[2019-08-23 07:06] SQL错误：You have an error in your SQL syntax; check the manual that corresponds to your MySQL server version for the right syntax to use near 'WHERE id = '1' AND username = 'root'' at line 1
[2019-08-23 07:06] SQL错误：You have an error in your SQL syntax; check the manual that corresponds to your MySQL server version for the right syntax to use near 'WHERE id = '1' AND username = 'root'' at line 1
[2019-08-23 07:06] SQL错误：You have an error in your SQL syntax; check the manual that corresponds to your MySQL server version for the right syntax to use near 'WHERE id = '1' AND username = 'root'' at line 1
[2019-08-23 07:06] SQL错误：You have an error in your SQL syntax; check the manual that corresponds to your MySQL server version for the right syntax to use near 'WHERE id = '1' AND username = 'root'' at line 1
[2019-08-23 07:06] SQL错误：You have an error in your SQL syntax; check the manual that corresponds to your MySQL server version for the right syntax to use near 'WHERE id = '1' AND username = 'root'' at line 1
[2019-08-23 07:29] SQL错误：Unknown column 'cate.cate_name' in 'field list'
[2019-08-23 07:39] SQL错误：Unknown table 'book'
[2019-08-23 07:39] SQL错误：Unknown table 'book'
[2019-08-23 07:39] SQL错误：Unknown table 'book'
[2019-08-23 07:39] SQL错误：Unknown table 'book'
[2019-08-23 07:39] SQL错误：Unknown table 'book'
[2019-08-23 07:41] SQL错误：Unknown table 'book'
[2019-08-23 08:26] SQL错误：You have an error in your SQL syntax; check the manual that corresponds to your MySQL server version for the right syntax to use near '0,5' at line 1
[2019-08-23 08:29] SQL错误：Undeclared variable: 5WHERE
[2019-08-23 08:33] SQL错误：Undeclared variable: 5WHERE
[2019-08-23 11:16] SQL错误：Column count doesn't match value count at row 22
[2019-08-23 11:23] SQL错误：Column count doesn't match value count at row 1
[2019-08-23 12:21] SQL错误：Unknown column 'book_id' in 'where clause'
[2019-08-23 12:22] SQL错误：Unknown column 'book_id' in 'where clause'
[2019-08-23 12:23] SQL错误：Unknown column 'chapter.book_id' in 'where clause'
[2019-08-26 11:07] SQL错误：Unknown column 'flag' in 'where clause'
[2019-08-26 11:08] SQL错误：Unknown column 'flag' in 'where clause'
[2019-08-26 11:58] SQL错误：Table 'book.pre_book' doesn't exist
[2019-08-26 11:58] SQL错误：Table 'book.pre_book' doesn't exist
[2019-08-26 11:58] SQL错误：Table 'book.pre_book' doesn't exist
[2019-08-26 14:22] SQL错误：You have an error in your SQL syntax; check the manual that corresponds to your MySQL server version for the right syntax to use near '0,20' at line 1
[2019-08-26 14:22] SQL错误：You have an error in your SQL syntax; check the manual that corresponds to your MySQL server version for the right syntax to use near '0,20' at line 1
[2019-08-26 14:48] SQL错误：You have an error in your SQL syntax; check the manual that corresponds to your MySQL server version for the right syntax to use near '0,20' at line 1
[2019-08-26 14:48] SQL错误：You have an error in your SQL syntax; check the manual that corresponds to your MySQL server version for the right syntax to use near '0,20' at line 1
[2019-08-26 14:48] SQL错误：You have an error in your SQL syntax; check the manual that corresponds to your MySQL server version for the right syntax to use near '0,20' at line 1
[2019-08-26 14:48] SQL错误：You have an error in your SQL syntax; check the manual that corresponds to your MySQL server version for the right syntax to use near '0,20' at line 1
[2019-08-26 14:49] SQL错误：You have an error in your SQL syntax; check the manual that corresponds to your MySQL server version for the right syntax to use near '0,20' at line 1
[2019-08-26 14:49] SQL错误：You have an error in your SQL syntax; check the manual that corresponds to your MySQL server version for the right syntax to use near '0,20' at line 1
[2019-08-26 14:49] SQL错误：You have an error in your SQL syntax; check the manual that corresponds to your MySQL server version for the right syntax to use near '0,20' at line 1
[2019-08-26 14:49] SQL错误：You have an error in your SQL syntax; check the manual that corresponds to your MySQL server version for the right syntax to use near '0,20' at line 1
[2019-08-26 14:49] SQL错误：You have an error in your SQL syntax; check the manual that corresponds to your MySQL server version for the right syntax to use near '0,20' at line 1
[2019-08-26 14:49] SQL错误：You have an error in your SQL syntax; check the manual that corresponds to your MySQL server version for the right syntax to use near '0,20' at line 1
[2019-08-26 14:49] SQL错误：You have an error in your SQL syntax; check the manual that corresponds to your MySQL server version for the right syntax to use near '0,20' at line 1
[2019-08-26 14:49] SQL错误：You have an error in your SQL syntax; check the manual that corresponds to your MySQL server version for the right syntax to use near '0,20' at line 1
[2019-08-26 14:55] SQL错误：You have an error in your SQL syntax; check the manual that corresponds to your MySQL server version for the right syntax to use near '0,20' at line 1
[2019-08-26 14:56] SQL错误：You have an error in your SQL syntax; check the manual that corresponds to your MySQL server version for the right syntax to use near '0,2' at line 1
[2019-08-26 14:56] SQL错误：You have an error in your SQL syntax; check the manual that corresponds to your MySQL server version for the right syntax to use near '0,2' at line 1
[2019-08-26 14:56] SQL错误：You have an error in your SQL syntax; check the manual that corresponds to your MySQL server version for the right syntax to use near '1,1' at line 1
[2019-08-26 14:56] SQL错误：You have an error in your SQL syntax; check the manual that corresponds to your MySQL server version for the right syntax to use near '1,1' at line 1
[2019-08-26 14:56] SQL错误：You have an error in your SQL syntax; check the manual that corresponds to your MySQL server version for the right syntax to use near '0,2' at line 1
[2019-08-26 14:56] SQL错误：You have an error in your SQL syntax; check the manual that corresponds to your MySQL server version for the right syntax to use near '1,1' at line 1
[2019-08-26 14:56] SQL错误：You have an error in your SQL syntax; check the manual that corresponds to your MySQL server version for the right syntax to use near '0,2' at line 1
[2019-08-26 14:57] SQL错误：You have an error in your SQL syntax; check the manual that corresponds to your MySQL server version for the right syntax to use near '0,2' at line 1
[2019-08-26 15:54] SQL错误：You have an error in your SQL syntax; check the manual that corresponds to your MySQL server version for the right syntax to use near 'LIMIT 0,10' at line 1
[2019-08-26 15:54] SQL错误：You have an error in your SQL syntax; check the manual that corresponds to your MySQL server version for the right syntax to use near 'LIMIT 0,10' at line 1
[2019-08-26 15:54] SQL错误：You have an error in your SQL syntax; check the manual that corresponds to your MySQL server version for the right syntax to use near 'LIMIT 0,10' at line 1
[2019-08-26 15:54] SQL错误：You have an error in your SQL syntax; check the manual that corresponds to your MySQL server version for the right syntax to use near 'LIMIT 0,10' at line 1
[2019-08-26 15:54] SQL错误：You have an error in your SQL syntax; check the manual that corresponds to your MySQL server version for the right syntax to use near 'LIMIT 0,10' at line 1
[2019-08-26 15:54] SQL错误：You have an error in your SQL syntax; check the manual that corresponds to your MySQL server version for the right syntax to use near 'LIMIT 0,10' at line 1
[2019-08-26 15:55] SQL错误：You have an error in your SQL syntax; check the manual that corresponds to your MySQL server version for the right syntax to use near 'LIMIT 0,10' at line 1
[2019-08-26 15:55] SQL错误：You have an error in your SQL syntax; check the manual that corresponds to your MySQL server version for the right syntax to use near 'LIMIT 0,10' at line 1
[2019-08-26 15:55] SQL错误：You have an error in your SQL syntax; check the manual that corresponds to your MySQL server version for the right syntax to use near 'LIMIT 0,10' at line 1
[2019-08-26 15:55] SQL错误：You have an error in your SQL syntax; check the manual that corresponds to your MySQL server version for the right syntax to use near 'LIMIT 0,10' at line 1
[2019-08-26 16:58] SQL错误：Unknown table 'chapter'
[2019-08-26 16:58] SQL错误：Unknown table 'chapter'
[2019-08-26 16:58] SQL错误：Unknown table 'chapter'
[2019-08-26 16:59] SQL错误：Unknown column 'chapter' in 'where clause'
[2019-08-26 17:00] SQL错误：Unknown table 'chapter'
[2019-08-26 17:26] SQL错误：You have an error in your SQL syntax; check the manual that corresponds to your MySQL server version for the right syntax to use near 'BY id desc' at line 1
[2019-08-26 18:26] SQL错误：You have an error in your SQL syntax; check the manual that corresponds to your MySQL server version for the right syntax to use near '' at line 1
[2019-08-27 10:26] SQL错误：You have an error in your SQL syntax; check the manual that corresponds to your MySQL server version for the right syntax to use near 'LIMIT 0,20' at line 1
[2019-08-27 18:58] SQL错误：Column count doesn't match value count at row 9
